<?xml version="1.0" encoding="UTF-8"?>
<testng-results skipped="0" failed="0" ignored="0" total="1" passed="1">
  <reporter-output>
  </reporter-output>
  <suite name="MavenTest" duration-ms="7637" started-at="2019-05-12T07:13:43Z" finished-at="2019-05-12T07:13:50Z">
    <groups>
    </groups>
    <test name="Test" duration-ms="7637" started-at="2019-05-12T07:13:43Z" finished-at="2019-05-12T07:13:50Z">
      <class name="Testng.testng">
        <test-method status="PASS" signature="Verify_about_us()[pri:0, instance:Testng.testng@1e88b3c]" name="Verify_about_us" duration-ms="7556" started-at="2019-05-12T07:13:43Z" finished-at="2019-05-12T07:13:50Z">
          <reporter-output>
          </reporter-output>
        </test-method> <!-- Verify_about_us -->
      </class> <!-- Testng.testng -->
    </test> <!-- Test -->
  </suite> <!-- MavenTest -->
</testng-results>
